<?xml version="1.0" encoding="UTF-8"?>
<testng-results ignored="0" total="1" passed="1" failed="0" skipped="0">
  <reporter-output>
  </reporter-output>
  <suite started-at="2022-12-08T09:30:49 IST" name="Suite" finished-at="2022-12-08T09:32:00 IST" duration-ms="71053">
    <groups>
    </groups>
    <test started-at="2022-12-08T09:30:49 IST" name="Test chrome" finished-at="2022-12-08T09:32:00 IST" duration-ms="71053">
      <class name="com.qa.testscripts.TC_Vedantu">
        <test-method is-config="true" signature="setup(java.lang.String,java.lang.String)[pri:0, instance:com.qa.testscripts.TC_Vedantu@6580cfdd]" started-at="2022-12-08T09:30:49 IST" name="setup" finished-at="2022-12-08T09:31:54 IST" duration-ms="65176" status="PASS">
          <params>
            <param index="0">
              <value>
                <![CDATA[chrome]]>
              </value>
            </param>
            <param index="1">
              <value>
                <![CDATA[http://vedantu.com/]]>
              </value>
            </param>
          </params>
          <reporter-output>
          </reporter-output>
        </test-method> <!-- setup -->
        <test-method signature="Start()[pri:0, instance:com.qa.testscripts.TC_Vedantu@6580cfdd]" started-at="2022-12-08T09:31:55 IST" name="Start" finished-at="2022-12-08T09:31:55 IST" duration-ms="587" status="PASS">
          <reporter-output>
          </reporter-output>
        </test-method> <!-- Start -->
        <test-method is-config="true" signature="Teardown()[pri:0, instance:com.qa.testscripts.TC_Vedantu@6580cfdd]" started-at="2022-12-08T09:31:55 IST" name="Teardown" finished-at="2022-12-08T09:32:00 IST" duration-ms="5042" status="PASS">
          <reporter-output>
          </reporter-output>
        </test-method> <!-- Teardown -->
      </class> <!-- com.qa.testscripts.TC_Vedantu -->
    </test> <!-- Test chrome -->
  </suite> <!-- Suite -->
</testng-results>
